<?xml version="1.0" encoding="UTF-8"?>
<testsuite xmlns:xsi="http://www.w3.org/2001/XMLSchema-instance" xsi:noNamespaceSchemaLocation="https://maven.apache.org/surefire/maven-surefire-plugin/xsd/surefire-test-report.xsd" name="src.test.java.com.example.MainTests" time="0.049" tests="7" errors="0" skipped="0" failures="0">
  <properties>
[...]
</properties>
  <testcase name="testAddProductInvalidPrice" classname="src.test.java.com.example.MainTests" time="0.022"/>
  <testcase name="testUpdateProduct" classname="src.test.java.com.example.MainTests" time="0.002"/>
  <testcase name="testInvalidChoice" classname="src.test.java.com.example.MainTests" time="0.002"/>
  <testcase name="testViewgetInventory" classname="src.test.java.com.example.MainTests" time="0.002"/>
  <testcase name="testAddProductInvalidQuantity" classname="src.test.java.com.example.MainTests" time="0.002"/>
  <testcase name="testAddProduct" classname="src.test.java.com.example.MainTests" time="0.002"/>
  <testcase name="testDeleteProduct" classname="src.test.java.com.example.MainTests" time="0.002"/>
</testsuite>